\BOOKMARK [0][]{Inhaltsverzeichnis.0}{Inhaltsverzeichnis}{}% 1
\BOOKMARK [0][]{chapter.1}{1 Einleitung}{}% 2
\BOOKMARK [0][]{chapter.2}{2 Neutrinos}{}% 3
\BOOKMARK [1][-]{section.2.1}{2.1 Das Standardmodel}{chapter.2}% 4
\BOOKMARK [1][-]{section.2.2}{2.2 Neutrinoquellen}{chapter.2}% 5
\BOOKMARK [2][-]{subsection.2.2.1}{2.2.1 Solare Neutrinos}{section.2.2}% 6
\BOOKMARK [2][-]{subsection.2.2.2}{2.2.2 Atmosph\344rische Neutrinos}{section.2.2}% 7
\BOOKMARK [2][-]{subsection.2.2.3}{2.2.3 Reaktor-Neutrinos}{section.2.2}% 8
\BOOKMARK [2][-]{subsection.2.2.4}{2.2.4 Beschleuniger-Neutrinos}{section.2.2}% 9
\BOOKMARK [1][-]{section.2.3}{2.3 Neutrino-Oszillation}{chapter.2}% 10
\BOOKMARK [1][-]{section.2.4}{2.4 Massenbestimmung}{chapter.2}% 11
\BOOKMARK [2][-]{subsection.2.4.1}{2.4.1 TOF}{section.2.4}% 12
\BOOKMARK [2][-]{subsection.2.4.2}{2.4.2 Neutrinoloser Doppelbeta-Zerfall}{section.2.4}% 13
\BOOKMARK [2][-]{subsection.2.4.3}{2.4.3 Beta-Spektrum}{section.2.4}% 14
\BOOKMARK [0][]{chapter.3}{3 Das KATRIN-Experiment}{}% 15
\BOOKMARK [1][-]{section.3.1}{3.1 Tritiumspektrum}{chapter.3}% 16
\BOOKMARK [1][-]{section.3.2}{3.2 MAC-E-Filter}{chapter.3}% 17
\BOOKMARK [1][-]{section.3.3}{3.3 Transmissionsfunktion}{chapter.3}% 18
\BOOKMARK [1][-]{section.3.4}{3.4 Aufbau von KATRIN}{chapter.3}% 19
\BOOKMARK [2][-]{subsection.3.4.1}{3.4.1 Fensterlose gasf\366rmige Tritiumquelle}{section.3.4}% 20
\BOOKMARK [2][-]{subsection.3.4.2}{3.4.2 Spektrometer}{section.3.4}% 21
\BOOKMARK [2][-]{subsection.3.4.3}{3.4.3 Detektor}{section.3.4}% 22
\BOOKMARK [1][-]{section.3.5}{3.5 Hochspannungslayout}{chapter.3}% 23
\BOOKMARK [0][]{chapter.4}{4 Das Monitorspektrometer}{}% 24
\BOOKMARK [1][-]{section.4.1}{4.1 Quelle}{chapter.4}% 25
\BOOKMARK [1][-]{section.4.2}{4.2 Detektor}{chapter.4}% 26
\BOOKMARK [1][-]{section.4.3}{4.3 Hochspannungslayout}{chapter.4}% 27
\BOOKMARK [1][-]{section.4.4}{4.4 Nachregelung}{chapter.4}% 28
\BOOKMARK [0][]{chapter.5}{5 Messungen am Monitorspektrometer}{}% 29
\BOOKMARK [1][-]{section.5.1}{5.1 Implementierung der St\366rung in die Transmissionsfunktion}{chapter.5}% 30
\BOOKMARK [1][-]{section.5.2}{5.2 St\366rungen an der Quelle}{chapter.5}% 31
\BOOKMARK [2][-]{subsection.5.2.1}{5.2.1 Auswertung}{section.5.2}% 32
\BOOKMARK [2][-]{subsection.5.2.2}{5.2.2 Ergebnisse}{section.5.2}% 33
\BOOKMARK [1][-]{section.5.3}{5.3 St\366rungen des Tankpotentials}{chapter.5}% 34
\BOOKMARK [2][-]{subsection.5.3.1}{5.3.1 Auswertung}{section.5.3}% 35
\BOOKMARK [2][-]{subsection.5.3.2}{5.3.2 Ergebnisse}{section.5.3}% 36
\BOOKMARK [0][]{chapter.6}{6 Zusammenfassung und Ausblick}{}% 37
\BOOKMARK [0][]{section*.2}{Literaturverzeichnis}{}% 38
\BOOKMARK [0][]{chapter*.4}{Anhang}{}% 39
\BOOKMARK [1][-]{section.6.1}{A First Appendix Section}{chapter*.4}% 40
